<?xml version="1.0" encoding="UTF-8"?>
<testsuite xmlns:xsi="http://www.w3.org/2001/XMLSchema-instance" xsi:noNamespaceSchemaLocation="https://maven.apache.org/surefire/maven-surefire-plugin/xsd/surefire-test-report.xsd" name="com.java_api.demo.SettingsControllerTest" time="2.523" tests="5" errors="0" skipped="0" failures="0">
  <properties>
    <property name="java.specification.version" value="17"/>
    <property name="sun.jnu.encoding" value="UTF-8"/>
    <property name="java.class.path" value="/Users/nasirawed/Documents/demo/target/test-classes:/Users/nasirawed/Documents/demo/target/classes:/Users/nasirawed/.m2/repository/org/springframework/boot/spring-boot-starter-web/3.0.4/spring-boot-starter-web-3.0.4.jar:/Users/nasirawed/.m2/repository/org/springframework/boot/spring-boot-starter/3.0.4/spring-boot-starter-3.0.4.jar:/Users/nasirawed/.m2/repository/org/springframework/boot/spring-boot/3.0.4/spring-boot-3.0.4.jar:/Users/nasirawed/.m2/repository/org/springframework/boot/spring-boot-autoconfigure/3.0.4/spring-boot-autoconfigure-3.0.4.jar:/Users/nasirawed/.m2/repository/org/springframework/boot/spring-boot-starter-logging/3.0.4/spring-boot-starter-logging-3.0.4.jar:/Users/nasirawed/.m2/repository/ch/qos/logback/logback-classic/1.4.5/logback-classic-1.4.5.jar:/Users/nasirawed/.m2/repository/ch/qos/logback/logback-core/1.4.5/logback-core-1.4.5.jar:/Users/nasirawed/.m2/repository/org/apache/logging/log4j/log4j-to-slf4j/2.19.0/log4j-to-slf4j-2.19.0.jar:/Users/nasirawed/.m2/repository/org/apache/logging/log4j/log4j-api/2.19.0/log4j-api-2.19.0.jar:/Users/nasirawed/.m2/repository/org/slf4j/jul-to-slf4j/2.0.6/jul-to-slf4j-2.0.6.jar:/Users/nasirawed/.m2/repository/jakarta/annotation/jakarta.annotation-api/2.1.1/jakarta.annotation-api-2.1.1.jar:/Users/nasirawed/.m2/repository/org/yaml/snakeyaml/1.33/snakeyaml-1.33.jar:/Users/nasirawed/.m2/repository/org/springframework/boot/spring-boot-starter-json/3.0.4/spring-boot-starter-json-3.0.4.jar:/Users/nasirawed/.m2/repository/com/fasterxml/jackson/core/jackson-databind/2.14.2/jackson-databind-2.14.2.jar:/Users/nasirawed/.m2/repository/com/fasterxml/jackson/core/jackson-annotations/2.14.2/jackson-annotations-2.14.2.jar:/Users/nasirawed/.m2/repository/com/fasterxml/jackson/core/jackson-core/2.14.2/jackson-core-2.14.2.jar:/Users/nasirawed/.m2/repository/com/fasterxml/jackson/datatype/jackson-datatype-jdk8/2.14.2/jackson-datatype-jdk8-2.14.2.jar:/Users/nasirawed/.m2/repository/com/fasterxml/jackson/datatype/jackson-datatype-jsr310/2.14.2/jackson-datatype-jsr310-2.14.2.jar:/Users/nasirawed/.m2/repository/com/fasterxml/jackson/module/jackson-module-parameter-names/2.14.2/jackson-module-parameter-names-2.14.2.jar:/Users/nasirawed/.m2/repository/org/springframework/boot/spring-boot-starter-tomcat/3.0.4/spring-boot-starter-tomcat-3.0.4.jar:/Users/nasirawed/.m2/repository/org/apache/tomcat/embed/tomcat-embed-core/10.1.5/tomcat-embed-core-10.1.5.jar:/Users/nasirawed/.m2/repository/org/apache/tomcat/embed/tomcat-embed-el/10.1.5/tomcat-embed-el-10.1.5.jar:/Users/nasirawed/.m2/repository/org/apache/tomcat/embed/tomcat-embed-websocket/10.1.5/tomcat-embed-websocket-10.1.5.jar:/Users/nasirawed/.m2/repository/org/springframework/spring-web/6.0.6/spring-web-6.0.6.jar:/Users/nasirawed/.m2/repository/org/springframework/spring-beans/6.0.6/spring-beans-6.0.6.jar:/Users/nasirawed/.m2/repository/io/micrometer/micrometer-observation/1.10.4/micrometer-observation-1.10.4.jar:/Users/nasirawed/.m2/repository/io/micrometer/micrometer-commons/1.10.4/micrometer-commons-1.10.4.jar:/Users/nasirawed/.m2/repository/org/springframework/spring-webmvc/6.0.6/spring-webmvc-6.0.6.jar:/Users/nasirawed/.m2/repository/org/springframework/spring-aop/6.0.6/spring-aop-6.0.6.jar:/Users/nasirawed/.m2/repository/org/springframework/spring-context/6.0.6/spring-context-6.0.6.jar:/Users/nasirawed/.m2/repository/org/springframework/spring-expression/6.0.6/spring-expression-6.0.6.jar:/Users/nasirawed/.m2/repository/org/springframework/boot/spring-boot-starter-test/3.0.4/spring-boot-starter-test-3.0.4.jar:/Users/nasirawed/.m2/repository/org/springframework/boot/spring-boot-test/3.0.4/spring-boot-test-3.0.4.jar:/Users/nasirawed/.m2/repository/org/springframework/boot/spring-boot-test-autoconfigure/3.0.4/spring-boot-test-autoconfigure-3.0.4.jar:/Users/nasirawed/.m2/repository/com/jayway/jsonpath/json-path/2.7.0/json-path-2.7.0.jar:/Users/nasirawed/.m2/repository/net/minidev/json-smart/2.4.8/json-smart-2.4.8.jar:/Users/nasirawed/.m2/repository/net/minidev/accessors-smart/2.4.8/accessors-smart-2.4.8.jar:/Users/nasirawed/.m2/repository/org/ow2/asm/asm/9.1/asm-9.1.jar:/Users/nasirawed/.m2/repository/org/slf4j/slf4j-api/2.0.6/slf4j-api-2.0.6.jar:/Users/nasirawed/.m2/repository/jakarta/xml/bind/jakarta.xml.bind-api/4.0.0/jakarta.xml.bind-api-4.0.0.jar:/Users/nasirawed/.m2/repository/jakarta/activation/jakarta.activation-api/2.1.1/jakarta.activation-api-2.1.1.jar:/Users/nasirawed/.m2/repository/org/assertj/assertj-core/3.23.1/assertj-core-3.23.1.jar:/Users/nasirawed/.m2/repository/net/bytebuddy/byte-buddy/1.12.23/byte-buddy-1.12.23.jar:/Users/nasirawed/.m2/repository/org/hamcrest/hamcrest/2.2/hamcrest-2.2.jar:/Users/nasirawed/.m2/repository/org/junit/jupiter/junit-jupiter/5.9.2/junit-jupiter-5.9.2.jar:/Users/nasirawed/.m2/repository/org/junit/jupiter/junit-jupiter-api/5.9.2/junit-jupiter-api-5.9.2.jar:/Users/nasirawed/.m2/repository/org/opentest4j/opentest4j/1.2.0/opentest4j-1.2.0.jar:/Users/nasirawed/.m2/repository/org/junit/platform/junit-platform-commons/1.9.2/junit-platform-commons-1.9.2.jar:/Users/nasirawed/.m2/repository/org/apiguardian/apiguardian-api/1.1.2/apiguardian-api-1.1.2.jar:/Users/nasirawed/.m2/repository/org/junit/jupiter/junit-jupiter-params/5.9.2/junit-jupiter-params-5.9.2.jar:/Users/nasirawed/.m2/repository/org/junit/jupiter/junit-jupiter-engine/5.9.2/junit-jupiter-engine-5.9.2.jar:/Users/nasirawed/.m2/repository/org/junit/platform/junit-platform-engine/1.9.2/junit-platform-engine-1.9.2.jar:/Users/nasirawed/.m2/repository/org/mockito/mockito-core/4.8.1/mockito-core-4.8.1.jar:/Users/nasirawed/.m2/repository/net/bytebuddy/byte-buddy-agent/1.12.23/byte-buddy-agent-1.12.23.jar:/Users/nasirawed/.m2/repository/org/objenesis/objenesis/3.2/objenesis-3.2.jar:/Users/nasirawed/.m2/repository/org/mockito/mockito-junit-jupiter/4.8.1/mockito-junit-jupiter-4.8.1.jar:/Users/nasirawed/.m2/repository/org/skyscreamer/jsonassert/1.5.1/jsonassert-1.5.1.jar:/Users/nasirawed/.m2/repository/com/vaadin/external/google/android-json/0.0.20131108.vaadin1/android-json-0.0.20131108.vaadin1.jar:/Users/nasirawed/.m2/repository/org/springframework/spring-core/6.0.6/spring-core-6.0.6.jar:/Users/nasirawed/.m2/repository/org/springframework/spring-jcl/6.0.6/spring-jcl-6.0.6.jar:/Users/nasirawed/.m2/repository/org/springframework/spring-test/6.0.6/spring-test-6.0.6.jar:/Users/nasirawed/.m2/repository/org/xmlunit/xmlunit-core/2.9.1/xmlunit-core-2.9.1.jar:/Users/nasirawed/.m2/repository/com/google/guava/guava/31.0.1-jre/guava-31.0.1-jre.jar:/Users/nasirawed/.m2/repository/com/google/guava/failureaccess/1.0.1/failureaccess-1.0.1.jar:/Users/nasirawed/.m2/repository/com/google/guava/listenablefuture/9999.0-empty-to-avoid-conflict-with-guava/listenablefuture-9999.0-empty-to-avoid-conflict-with-guava.jar:/Users/nasirawed/.m2/repository/com/google/code/findbugs/jsr305/3.0.2/jsr305-3.0.2.jar:/Users/nasirawed/.m2/repository/org/checkerframework/checker-qual/3.12.0/checker-qual-3.12.0.jar:/Users/nasirawed/.m2/repository/com/google/errorprone/error_prone_annotations/2.7.1/error_prone_annotations-2.7.1.jar:/Users/nasirawed/.m2/repository/com/google/j2objc/j2objc-annotations/1.3/j2objc-annotations-1.3.jar:/Users/nasirawed/.m2/repository/org/json/json/20210307/json-20210307.jar:/Users/nasirawed/.m2/repository/com/microsoft/sqlserver/mssql-jdbc/12.2.0.jre11/mssql-jdbc-12.2.0.jre11.jar:/Users/nasirawed/.m2/repository/postgresql/postgresql/9.1-901-1.jdbc4/postgresql-9.1-901-1.jdbc4.jar:/Users/nasirawed/.m2/repository/com/github/ben-manes/caffeine/caffeine/2.9.3/caffeine-2.9.3.jar:/Users/nasirawed/.m2/repository/org/springframework/boot/spring-boot-starter-cache/3.0.4/spring-boot-starter-cache-3.0.4.jar:/Users/nasirawed/.m2/repository/org/springframework/spring-context-support/6.0.6/spring-context-support-6.0.6.jar:/Users/nasirawed/.m2/repository/org/xerial/sqlite-jdbc/3.8.7/sqlite-jdbc-3.8.7.jar:/Users/nasirawed/.m2/repository/com/googlecode/owasp-java-html-sanitizer/owasp-java-html-sanitizer/20211018.1/owasp-java-html-sanitizer-20211018.1.jar:/Users/nasirawed/.m2/repository/javax/servlet/javax.servlet-api/4.0.1/javax.servlet-api-4.0.1.jar:/Users/nasirawed/.m2/repository/com/warrenstrange/googleauth/1.5.0/googleauth-1.5.0.jar:/Users/nasirawed/.m2/repository/org/apache/httpcomponents/httpclient/4.5.14/httpclient-4.5.14.jar:/Users/nasirawed/.m2/repository/org/apache/httpcomponents/httpcore/4.4.16/httpcore-4.4.16.jar:/Users/nasirawed/.m2/repository/com/google/zxing/core/3.4.1/core-3.4.1.jar:/Users/nasirawed/.m2/repository/com/google/zxing/javase/3.4.1/javase-3.4.1.jar:/Users/nasirawed/.m2/repository/com/beust/jcommander/1.78/jcommander-1.78.jar:/Users/nasirawed/.m2/repository/com/github/jai-imageio/jai-imageio-core/1.4.0/jai-imageio-core-1.4.0.jar:/Users/nasirawed/.m2/repository/commons-codec/commons-codec/1.15/commons-codec-1.15.jar:"/>
    <property name="java.vm.vendor" value="Oracle Corporation"/>
    <property name="sun.arch.data.model" value="64"/>
    <property name="java.vendor.url" value="https://java.oracle.com/"/>
    <property name="os.name" value="Mac OS X"/>
    <property name="java.vm.specification.version" value="17"/>
    <property name="sun.java.launcher" value="SUN_STANDARD"/>
    <property name="user.country" value="NO"/>
    <property name="sun.boot.library.path" value="/Users/nasirawed/Library/Java/JavaVirtualMachines/openjdk-17/Contents/Home/lib"/>
    <property name="sun.java.command" value="/Users/nasirawed/Documents/demo/target/surefire/surefirebooter7715984858990803758.jar /Users/nasirawed/Documents/demo/target/surefire 2023-03-30T18-22-15_128-jvmRun1 surefire6907650794169046778tmp surefire_014373286036447008003tmp"/>
    <property name="http.nonProxyHosts" value="local|*.local|169.254/16|*.169.254/16"/>
    <property name="jdk.debug" value="release"/>
    <property name="surefire.test.class.path" value="/Users/nasirawed/Documents/demo/target/test-classes:/Users/nasirawed/Documents/demo/target/classes:/Users/nasirawed/.m2/repository/org/springframework/boot/spring-boot-starter-web/3.0.4/spring-boot-starter-web-3.0.4.jar:/Users/nasirawed/.m2/repository/org/springframework/boot/spring-boot-starter/3.0.4/spring-boot-starter-3.0.4.jar:/Users/nasirawed/.m2/repository/org/springframework/boot/spring-boot/3.0.4/spring-boot-3.0.4.jar:/Users/nasirawed/.m2/repository/org/springframework/boot/spring-boot-autoconfigure/3.0.4/spring-boot-autoconfigure-3.0.4.jar:/Users/nasirawed/.m2/repository/org/springframework/boot/spring-boot-starter-logging/3.0.4/spring-boot-starter-logging-3.0.4.jar:/Users/nasirawed/.m2/repository/ch/qos/logback/logback-classic/1.4.5/logback-classic-1.4.5.jar:/Users/nasirawed/.m2/repository/ch/qos/logback/logback-core/1.4.5/logback-core-1.4.5.jar:/Users/nasirawed/.m2/repository/org/apache/logging/log4j/log4j-to-slf4j/2.19.0/log4j-to-slf4j-2.19.0.jar:/Users/nasirawed/.m2/repository/org/apache/logging/log4j/log4j-api/2.19.0/log4j-api-2.19.0.jar:/Users/nasirawed/.m2/repository/org/slf4j/jul-to-slf4j/2.0.6/jul-to-slf4j-2.0.6.jar:/Users/nasirawed/.m2/repository/jakarta/annotation/jakarta.annotation-api/2.1.1/jakarta.annotation-api-2.1.1.jar:/Users/nasirawed/.m2/repository/org/yaml/snakeyaml/1.33/snakeyaml-1.33.jar:/Users/nasirawed/.m2/repository/org/springframework/boot/spring-boot-starter-json/3.0.4/spring-boot-starter-json-3.0.4.jar:/Users/nasirawed/.m2/repository/com/fasterxml/jackson/core/jackson-databind/2.14.2/jackson-databind-2.14.2.jar:/Users/nasirawed/.m2/repository/com/fasterxml/jackson/core/jackson-annotations/2.14.2/jackson-annotations-2.14.2.jar:/Users/nasirawed/.m2/repository/com/fasterxml/jackson/core/jackson-core/2.14.2/jackson-core-2.14.2.jar:/Users/nasirawed/.m2/repository/com/fasterxml/jackson/datatype/jackson-datatype-jdk8/2.14.2/jackson-datatype-jdk8-2.14.2.jar:/Users/nasirawed/.m2/repository/com/fasterxml/jackson/datatype/jackson-datatype-jsr310/2.14.2/jackson-datatype-jsr310-2.14.2.jar:/Users/nasirawed/.m2/repository/com/fasterxml/jackson/module/jackson-module-parameter-names/2.14.2/jackson-module-parameter-names-2.14.2.jar:/Users/nasirawed/.m2/repository/org/springframework/boot/spring-boot-starter-tomcat/3.0.4/spring-boot-starter-tomcat-3.0.4.jar:/Users/nasirawed/.m2/repository/org/apache/tomcat/embed/tomcat-embed-core/10.1.5/tomcat-embed-core-10.1.5.jar:/Users/nasirawed/.m2/repository/org/apache/tomcat/embed/tomcat-embed-el/10.1.5/tomcat-embed-el-10.1.5.jar:/Users/nasirawed/.m2/repository/org/apache/tomcat/embed/tomcat-embed-websocket/10.1.5/tomcat-embed-websocket-10.1.5.jar:/Users/nasirawed/.m2/repository/org/springframework/spring-web/6.0.6/spring-web-6.0.6.jar:/Users/nasirawed/.m2/repository/org/springframework/spring-beans/6.0.6/spring-beans-6.0.6.jar:/Users/nasirawed/.m2/repository/io/micrometer/micrometer-observation/1.10.4/micrometer-observation-1.10.4.jar:/Users/nasirawed/.m2/repository/io/micrometer/micrometer-commons/1.10.4/micrometer-commons-1.10.4.jar:/Users/nasirawed/.m2/repository/org/springframework/spring-webmvc/6.0.6/spring-webmvc-6.0.6.jar:/Users/nasirawed/.m2/repository/org/springframework/spring-aop/6.0.6/spring-aop-6.0.6.jar:/Users/nasirawed/.m2/repository/org/springframework/spring-context/6.0.6/spring-context-6.0.6.jar:/Users/nasirawed/.m2/repository/org/springframework/spring-expression/6.0.6/spring-expression-6.0.6.jar:/Users/nasirawed/.m2/repository/org/springframework/boot/spring-boot-starter-test/3.0.4/spring-boot-starter-test-3.0.4.jar:/Users/nasirawed/.m2/repository/org/springframework/boot/spring-boot-test/3.0.4/spring-boot-test-3.0.4.jar:/Users/nasirawed/.m2/repository/org/springframework/boot/spring-boot-test-autoconfigure/3.0.4/spring-boot-test-autoconfigure-3.0.4.jar:/Users/nasirawed/.m2/repository/com/jayway/jsonpath/json-path/2.7.0/json-path-2.7.0.jar:/Users/nasirawed/.m2/repository/net/minidev/json-smart/2.4.8/json-smart-2.4.8.jar:/Users/nasirawed/.m2/repository/net/minidev/accessors-smart/2.4.8/accessors-smart-2.4.8.jar:/Users/nasirawed/.m2/repository/org/ow2/asm/asm/9.1/asm-9.1.jar:/Users/nasirawed/.m2/repository/org/slf4j/slf4j-api/2.0.6/slf4j-api-2.0.6.jar:/Users/nasirawed/.m2/repository/jakarta/xml/bind/jakarta.xml.bind-api/4.0.0/jakarta.xml.bind-api-4.0.0.jar:/Users/nasirawed/.m2/repository/jakarta/activation/jakarta.activation-api/2.1.1/jakarta.activation-api-2.1.1.jar:/Users/nasirawed/.m2/repository/org/assertj/assertj-core/3.23.1/assertj-core-3.23.1.jar:/Users/nasirawed/.m2/repository/net/bytebuddy/byte-buddy/1.12.23/byte-buddy-1.12.23.jar:/Users/nasirawed/.m2/repository/org/hamcrest/hamcrest/2.2/hamcrest-2.2.jar:/Users/nasirawed/.m2/repository/org/junit/jupiter/junit-jupiter/5.9.2/junit-jupiter-5.9.2.jar:/Users/nasirawed/.m2/repository/org/junit/jupiter/junit-jupiter-api/5.9.2/junit-jupiter-api-5.9.2.jar:/Users/nasirawed/.m2/repository/org/opentest4j/opentest4j/1.2.0/opentest4j-1.2.0.jar:/Users/nasirawed/.m2/repository/org/junit/platform/junit-platform-commons/1.9.2/junit-platform-commons-1.9.2.jar:/Users/nasirawed/.m2/repository/org/apiguardian/apiguardian-api/1.1.2/apiguardian-api-1.1.2.jar:/Users/nasirawed/.m2/repository/org/junit/jupiter/junit-jupiter-params/5.9.2/junit-jupiter-params-5.9.2.jar:/Users/nasirawed/.m2/repository/org/junit/jupiter/junit-jupiter-engine/5.9.2/junit-jupiter-engine-5.9.2.jar:/Users/nasirawed/.m2/repository/org/junit/platform/junit-platform-engine/1.9.2/junit-platform-engine-1.9.2.jar:/Users/nasirawed/.m2/repository/org/mockito/mockito-core/4.8.1/mockito-core-4.8.1.jar:/Users/nasirawed/.m2/repository/net/bytebuddy/byte-buddy-agent/1.12.23/byte-buddy-agent-1.12.23.jar:/Users/nasirawed/.m2/repository/org/objenesis/objenesis/3.2/objenesis-3.2.jar:/Users/nasirawed/.m2/repository/org/mockito/mockito-junit-jupiter/4.8.1/mockito-junit-jupiter-4.8.1.jar:/Users/nasirawed/.m2/repository/org/skyscreamer/jsonassert/1.5.1/jsonassert-1.5.1.jar:/Users/nasirawed/.m2/repository/com/vaadin/external/google/android-json/0.0.20131108.vaadin1/android-json-0.0.20131108.vaadin1.jar:/Users/nasirawed/.m2/repository/org/springframework/spring-core/6.0.6/spring-core-6.0.6.jar:/Users/nasirawed/.m2/repository/org/springframework/spring-jcl/6.0.6/spring-jcl-6.0.6.jar:/Users/nasirawed/.m2/repository/org/springframework/spring-test/6.0.6/spring-test-6.0.6.jar:/Users/nasirawed/.m2/repository/org/xmlunit/xmlunit-core/2.9.1/xmlunit-core-2.9.1.jar:/Users/nasirawed/.m2/repository/com/google/guava/guava/31.0.1-jre/guava-31.0.1-jre.jar:/Users/nasirawed/.m2/repository/com/google/guava/failureaccess/1.0.1/failureaccess-1.0.1.jar:/Users/nasirawed/.m2/repository/com/google/guava/listenablefuture/9999.0-empty-to-avoid-conflict-with-guava/listenablefuture-9999.0-empty-to-avoid-conflict-with-guava.jar:/Users/nasirawed/.m2/repository/com/google/code/findbugs/jsr305/3.0.2/jsr305-3.0.2.jar:/Users/nasirawed/.m2/repository/org/checkerframework/checker-qual/3.12.0/checker-qual-3.12.0.jar:/Users/nasirawed/.m2/repository/com/google/errorprone/error_prone_annotations/2.7.1/error_prone_annotations-2.7.1.jar:/Users/nasirawed/.m2/repository/com/google/j2objc/j2objc-annotations/1.3/j2objc-annotations-1.3.jar:/Users/nasirawed/.m2/repository/org/json/json/20210307/json-20210307.jar:/Users/nasirawed/.m2/repository/com/microsoft/sqlserver/mssql-jdbc/12.2.0.jre11/mssql-jdbc-12.2.0.jre11.jar:/Users/nasirawed/.m2/repository/postgresql/postgresql/9.1-901-1.jdbc4/postgresql-9.1-901-1.jdbc4.jar:/Users/nasirawed/.m2/repository/com/github/ben-manes/caffeine/caffeine/2.9.3/caffeine-2.9.3.jar:/Users/nasirawed/.m2/repository/org/springframework/boot/spring-boot-starter-cache/3.0.4/spring-boot-starter-cache-3.0.4.jar:/Users/nasirawed/.m2/repository/org/springframework/spring-context-support/6.0.6/spring-context-support-6.0.6.jar:/Users/nasirawed/.m2/repository/org/xerial/sqlite-jdbc/3.8.7/sqlite-jdbc-3.8.7.jar:/Users/nasirawed/.m2/repository/com/googlecode/owasp-java-html-sanitizer/owasp-java-html-sanitizer/20211018.1/owasp-java-html-sanitizer-20211018.1.jar:/Users/nasirawed/.m2/repository/javax/servlet/javax.servlet-api/4.0.1/javax.servlet-api-4.0.1.jar:/Users/nasirawed/.m2/repository/com/warrenstrange/googleauth/1.5.0/googleauth-1.5.0.jar:/Users/nasirawed/.m2/repository/org/apache/httpcomponents/httpclient/4.5.14/httpclient-4.5.14.jar:/Users/nasirawed/.m2/repository/org/apache/httpcomponents/httpcore/4.4.16/httpcore-4.4.16.jar:/Users/nasirawed/.m2/repository/com/google/zxing/core/3.4.1/core-3.4.1.jar:/Users/nasirawed/.m2/repository/com/google/zxing/javase/3.4.1/javase-3.4.1.jar:/Users/nasirawed/.m2/repository/com/beust/jcommander/1.78/jcommander-1.78.jar:/Users/nasirawed/.m2/repository/com/github/jai-imageio/jai-imageio-core/1.4.0/jai-imageio-core-1.4.0.jar:/Users/nasirawed/.m2/repository/commons-codec/commons-codec/1.15/commons-codec-1.15.jar:"/>
    <property name="sun.cpu.endian" value="little"/>
    <property name="user.home" value="/Users/nasirawed"/>
    <property name="user.language" value="en"/>
    <property name="java.specification.vendor" value="Oracle Corporation"/>
    <property name="java.version.date" value="2021-09-14"/>
    <property name="java.home" value="/Users/nasirawed/Library/Java/JavaVirtualMachines/openjdk-17/Contents/Home"/>
    <property name="file.separator" value="/"/>
    <property name="basedir" value="/Users/nasirawed/Documents/demo"/>
    <property name="java.vm.compressedOopsMode" value="Zero based"/>
    <property name="line.separator" value="&#10;"/>
    <property name="java.specification.name" value="Java Platform API Specification"/>
    <property name="java.vm.specification.vendor" value="Oracle Corporation"/>
    <property name="surefire.real.class.path" value="/Users/nasirawed/Documents/demo/target/surefire/surefirebooter7715984858990803758.jar"/>
    <property name="sun.management.compiler" value="HotSpot 64-Bit Tiered Compilers"/>
    <property name="ftp.nonProxyHosts" value="local|*.local|169.254/16|*.169.254/16"/>
    <property name="java.runtime.version" value="17+35-2724"/>
    <property name="user.name" value="nasirawed"/>
    <property name="path.separator" value=":"/>
    <property name="os.version" value="10.14.6"/>
    <property name="java.runtime.name" value="OpenJDK Runtime Environment"/>
    <property name="file.encoding" value="UTF-8"/>
    <property name="java.vm.name" value="OpenJDK 64-Bit Server VM"/>
    <property name="localRepository" value="/Users/nasirawed/.m2/repository"/>
    <property name="java.vendor.url.bug" value="https://bugreport.java.com/bugreport/"/>
    <property name="java.io.tmpdir" value="/var/folders/hy/gjh68q0n6s9czl1vt69ks4600000gn/T/"/>
    <property name="java.version" value="17"/>
    <property name="user.dir" value="/Users/nasirawed/Documents/demo"/>
    <property name="os.arch" value="x86_64"/>
    <property name="java.vm.specification.name" value="Java Virtual Machine Specification"/>
    <property name="native.encoding" value="UTF-8"/>
    <property name="java.library.path" value="/Users/nasirawed/Library/Java/Extensions:/Library/Java/Extensions:/Network/Library/Java/Extensions:/System/Library/Java/Extensions:/usr/lib/java:."/>
    <property name="java.vm.info" value="mixed mode, sharing"/>
    <property name="java.vendor" value="Oracle Corporation"/>
    <property name="java.vm.version" value="17+35-2724"/>
    <property name="sun.io.unicode.encoding" value="UnicodeBig"/>
    <property name="socksNonProxyHosts" value="local|*.local|169.254/16|*.169.254/16"/>
    <property name="java.class.version" value="61.0"/>
  </properties>
  <testcase name="testGetCountryMultipliers" classname="com.java_api.demo.SettingsControllerTest" time="0.184"/>
  <testcase name="testAddCountryUnauthorizedUser" classname="com.java_api.demo.SettingsControllerTest" time="0.035"/>
  <testcase name="testAddCountrySuccess" classname="com.java_api.demo.SettingsControllerTest" time="0.03"/>
  <testcase name="testGetCountryMultipliersSuccess" classname="com.java_api.demo.SettingsControllerTest" time="0.027"/>
  <testcase name="testUpdateCountrySuccess" classname="com.java_api.demo.SettingsControllerTest" time="0.021"/>
</testsuite>